[2026-06-05 02:00:00.121 +00:00] [INF] [62] Emby.Server.Implementations.ScheduledTasks.TaskManager: "Extract Chapter Images" Completed after 0 minute(s) and 0 seconds
[2026-06-05 02:00:01.007 +00:00] [INF] [42] Emby.Server.Implementations.ScheduledTasks.TaskManager: Daily trigger for "Extract Chapter Images" set to fire at 2026-06-06 02:00:00.000 +00:00, which is 23:59:58.9922894 from now.
[2026-06-05 03:00:00.019 +00:00] [INF] [49] Emby.Server.Implementations.ScheduledTasks.TaskManager: "Generate Trickplay Images" Completed after 0 minute(s) and 0 seconds
[2026-06-05 03:00:01.004 +00:00] [INF] [67] Emby.Server.Implementations.ScheduledTasks.TaskManager: Daily trigger for "Generate Trickplay Images" set to fire at 2026-06-06 03:00:00.000 +00:00, which is 23:59:58.9959767 from now.
[2026-06-05 03:06:16.882 +00:00] [INF] [46] Emby.Server.Implementations.ScheduledTasks.Tasks.OptimizeDatabaseTask: Optimizing and vacuuming jellyfin.db...
[2026-06-05 03:06:17.008 +00:00] [INF] [46] Jellyfin.Database.Providers.Sqlite.SqliteDatabaseProvider: jellyfin.db optimized successfully!
[2026-06-05 03:06:17.009 +00:00] [INF] [46] Emby.Server.Implementations.ScheduledTasks.TaskManager: "Optimize database" Completed after 0 minute(s) and 0 seconds
[2026-06-05 09:06:16.897 +00:00] [INF] [27] Emby.Server.Implementations.Library.LibraryManager: Validating media library
[2026-06-05 09:06:16.976 +00:00] [INF] [36] Emby.Server.Implementations.ScheduledTasks.TaskManager: "Media Segment Scan" Completed after 0 minute(s) and 0 seconds
[2026-06-05 09:06:18.184 +00:00] [WRN] [27] MediaBrowser.Controller.Entities.BaseItem: Library folder "/data/tvshows" is inaccessible or empty, skipping
[2026-06-05 09:06:18.190 +00:00] [WRN] [27] MediaBrowser.Controller.Entities.BaseItem: Library folder "/data/movies" is inaccessible or empty, skipping
[2026-06-05 09:06:18.196 +00:00] [WRN] [27] MediaBrowser.Controller.Entities.BaseItem: Library folder "/config/data/data/playlists" is inaccessible or empty, skipping
[2026-06-05 09:06:18.504 +00:00] [WRN] [27] MediaBrowser.Controller.Entities.BaseItem: Library folder "/data/tvshows" is inaccessible or empty, skipping
[2026-06-05 09:06:18.507 +00:00] [WRN] [27] MediaBrowser.Controller.Entities.BaseItem: Library folder "/data/movies" is inaccessible or empty, skipping
[2026-06-05 09:06:18.508 +00:00] [WRN] [27] MediaBrowser.Controller.Entities.BaseItem: Library folder "/config/data/data/playlists" is inaccessible or empty, skipping
[2026-06-05 09:06:18.992 +00:00] [INF] [27] Emby.Server.Implementations.ScheduledTasks.TaskManager: "Scan Media Library" Completed after 0 minute(s) and 2 seconds
[2026-06-05 09:07:17.880 +00:00] [INF] [36] Emby.Server.Implementations.ScheduledTasks.Tasks.OptimizeDatabaseTask: Optimizing and vacuuming jellyfin.db...
[2026-06-05 09:07:17.942 +00:00] [INF] [36] Jellyfin.Database.Providers.Sqlite.SqliteDatabaseProvider: jellyfin.db optimized successfully!
[2026-06-05 09:07:17.945 +00:00] [INF] [36] Emby.Server.Implementations.ScheduledTasks.TaskManager: "Optimize database" Completed after 0 minute(s) and 0 seconds
[2026-06-05 15:08:18.882 +00:00] [INF] [19] Emby.Server.Implementations.ScheduledTasks.Tasks.OptimizeDatabaseTask: Optimizing and vacuuming jellyfin.db...
[2026-06-05 15:08:18.944 +00:00] [INF] [19] Jellyfin.Database.Providers.Sqlite.SqliteDatabaseProvider: jellyfin.db optimized successfully!
[2026-06-05 15:08:18.945 +00:00] [INF] [19] Emby.Server.Implementations.ScheduledTasks.TaskManager: "Optimize database" Completed after 0 minute(s) and 0 seconds
[2026-06-05 21:06:16.821 +00:00] [INF] [59] Emby.Server.Implementations.ScheduledTasks.TaskManager: "Download missing subtitles" Completed after 0 minute(s) and 0 seconds
[2026-06-05 21:06:16.906 +00:00] [INF] [59] Emby.Server.Implementations.ScheduledTasks.TaskManager: "Clean Cache Directory" Completed after 0 minute(s) and 0 seconds
[2026-06-05 21:06:16.984 +00:00] [INF] [59] Emby.Server.Implementations.ScheduledTasks.TaskManager: "Clean Log Directory" Completed after 0 minute(s) and 0 seconds
[2026-06-05 21:06:17.058 +00:00] [INF] [54] Emby.Server.Implementations.ScheduledTasks.TaskManager: "Audio Normalization" Completed after 0 minute(s) and 0 seconds
[2026-06-05 21:06:17.058 +00:00] [INF] [59] Emby.Server.Implementations.ScheduledTasks.TaskManager: "Clean Transcode Directory" Completed after 0 minute(s) and 0 seconds
[2026-06-05 21:06:17.349 +00:00] [INF] [29] Emby.Server.Implementations.ScheduledTasks.TaskManager: "Download missing lyrics" Completed after 0 minute(s) and 0 seconds
[2026-06-05 21:06:17.526 +00:00] [INF] [54] Emby.Server.Implementations.ScheduledTasks.TaskManager: "TasksRefreshChannels" Completed after 0 minute(s) and 0 seconds
[2026-06-05 21:06:18.410 +00:00] [INF] [29] Emby.Server.Implementations.ScheduledTasks.TaskManager: "Update Plugins" Completed after 0 minute(s) and 1 seconds
[2026-06-05 21:06:20.266 +00:00] [INF] [54] Jellyfin.LiveTv.Guide.GuideManager: Refreshing guide with 7 days of guide data
[2026-06-05 21:06:20.297 +00:00] [INF] [54] Emby.Server.Implementations.ScheduledTasks.TaskManager: "Refresh Guide" Completed after 0 minute(s) and 3 seconds
[2026-06-05 21:07:17.880 +00:00] [INF] [20] Emby.Server.Implementations.ScheduledTasks.TaskManager: "Media Segment Scan" Completed after 0 minute(s) and 0 seconds
[2026-06-05 21:07:17.883 +00:00] [INF] [41] Emby.Server.Implementations.Library.LibraryManager: Validating media library
[2026-06-05 21:07:17.969 +00:00] [WRN] [41] MediaBrowser.Controller.Entities.BaseItem: Library folder "/data/tvshows" is inaccessible or empty, skipping
[2026-06-05 21:07:17.973 +00:00] [WRN] [41] MediaBrowser.Controller.Entities.BaseItem: Library folder "/data/movies" is inaccessible or empty, skipping
[2026-06-05 21:07:17.976 +00:00] [WRN] [41] MediaBrowser.Controller.Entities.BaseItem: Library folder "/config/data/data/playlists" is inaccessible or empty, skipping
[2026-06-05 21:07:18.100 +00:00] [WRN] [41] MediaBrowser.Controller.Entities.BaseItem: Library folder "/data/tvshows" is inaccessible or empty, skipping
[2026-06-05 21:07:18.101 +00:00] [WRN] [41] MediaBrowser.Controller.Entities.BaseItem: Library folder "/data/movies" is inaccessible or empty, skipping
[2026-06-05 21:07:18.105 +00:00] [WRN] [41] MediaBrowser.Controller.Entities.BaseItem: Library folder "/config/data/data/playlists" is inaccessible or empty, skipping
[2026-06-05 21:07:18.134 +00:00] [INF] [41] Emby.Server.Implementations.ScheduledTasks.TaskManager: "Scan Media Library" Completed after 0 minute(s) and 0 seconds
[2026-06-05 21:09:19.883 +00:00] [INF] [37] Emby.Server.Implementations.ScheduledTasks.Tasks.OptimizeDatabaseTask: Optimizing and vacuuming jellyfin.db...
[2026-06-05 21:09:19.946 +00:00] [INF] [37] Jellyfin.Database.Providers.Sqlite.SqliteDatabaseProvider: jellyfin.db optimized successfully!
[2026-06-05 21:09:19.946 +00:00] [INF] [37] Emby.Server.Implementations.ScheduledTasks.TaskManager: "Optimize database" Completed after 0 minute(s) and 0 seconds
