Jun 06, 2026 01:31:24.908 [0x72045f036b38] INFO - Plex Tuner Service v1.43.2.10687-563d026ea - Docker Docker Container (LinuxServer.io) x86_64 - build: 
Jun 06, 2026 01:31:24.920 [0x72045f036b38] INFO - Linux version: 7.0.0-3-pve (#1 SMP PREEMPT_DYNAMIC PMX 7.0.0-3 (2026-04-21T22:56Z)), language: en-US
Jun 06, 2026 01:31:24.920 [0x72045f036b38] INFO - Processor        Intel(R) Xeon(R) CPU E5-2640 0 @ 2.50GHz
Jun 06, 2026 01:31:24.920 [0x72045f036b38] INFO - /usr/lib/plexmediaserver/Plex Tuner Service /usr/lib/plexmediaserver/Resources/Tuner/Private /usr/lib/plexmediaserver/Resources/Tuner/Shared 1.43.2.10687-563d026ea 32600
Jun 06, 2026 01:31:24.898 [0x720460ba8808] INFO - [I] broker_t::start...
Jun 06, 2026 01:31:24.928 [0x720460ba8808] INFO - [I] device_manager_t::init.
Jun 06, 2026 01:31:24.928 [0x720460ba8808] INFO - [I] device_manager_t::init. Initialize provider manager
Jun 06, 2026 01:31:24.928 [0x720460ba8808] INFO - [I] device_manager_t::init. Initialize all device auxes
Jun 06, 2026 01:31:24.929 [0x720460ba8808] INFO - [I] dvb_device_factory_t::get_aux_list
Jun 06, 2026 01:31:24.929 [0x720460ba8808] INFO - [I] tvbutler_aux_t::init
Jun 06, 2026 01:31:24.969 [0x720460ba8808] INFO - [I] web_server_t::start. Starting web server on port 32600
Jun 06, 2026 01:31:29.754 [0x72045edacb38] INFO - [I] web_service_t::process_device_discovery
Jun 06, 2026 01:31:29.754 [0x72045edacb38] INFO - [I] device_reactor_t::get_device_list ()
Jun 06, 2026 01:31:31.776 [0x72045edacb38] INFO - [I] SAT2IP - discover_satip_servers(): no servers found
Jun 06, 2026 01:31:32.186 [0x72045edacb38] INFO - [I] v4l::DeviceGetList_impl. getting v4l device list
Jun 06, 2026 01:31:32.209 [0x72045edacb38] INFO - [I] onetv_factory::DeviceGetListEx >>
Jun 06, 2026 01:31:32.213 [0x72045edacb38] WARN - [W] onetv_factory::DeviceGetListEx. libusb_init returned an error -99
Jun 06, 2026 01:33:45.596 [0x720460ba8808] INFO - Received SIGINT: Interrupt from keyboard.
Jun 06, 2026 01:33:45.618 [0x720460ba8808] INFO - [I] device_manager_t::term
Jun 06, 2026 01:33:45.618 [0x720460ba8808] INFO - [I] device_manager_t::term. Stop all devices
Jun 06, 2026 01:33:45.618 [0x720460ba8808] INFO - [I] device_manager_t::term. Shut down all device auxes
Jun 06, 2026 01:33:45.618 [0x720460ba8808] INFO - [I] tvbutler_aux_t::term
Jun 06, 2026 01:33:45.621 [0x720460ba8808] INFO - [I] web_server_t::stop. Web server is stopped
Jun 06, 2026 01:33:45.621 [0x720460ba8808] INFO - [I] device_manager_t::term
Jun 06, 2026 01:33:45.621 [0x720460ba8808] INFO - [I] device_manager_t::term. Stop all devices
Jun 06, 2026 01:33:45.621 [0x720460ba8808] INFO - [I] device_manager_t::term. Shut down all device auxes
Jun 06, 2026 01:33:45.621 [0x720460ba8808] INFO - [I] broker_t::shutdown. Shutdown is completed.
